<?xml version="1.0" encoding="UTF-8"?>
<testsuite xmlns:xsi="http://www.w3.org/2001/XMLSchema-instance" xsi:noNamespaceSchemaLocation="https://maven.apache.org/surefire/maven-surefire-plugin/xsd/surefire-test-report-3.0.xsd" version="3.0" name="com.example.library_management.view.swing.BookSwingViewTest" time="31.052" tests="16" errors="0" skipped="0" failures="0">
  <properties>
[...]
</properties>
  <testcase name="testShowErrorBookNotFound" classname="com.example.library_management.view.swing.BookSwingViewTest" time="2.215"/>
  <testcase name="testDeleteBookButtonWithBookSelected" classname="com.example.library_management.view.swing.BookSwingViewTest" time="1.022"/>
  <testcase name="testAddBookButtonWithInvalidID" classname="com.example.library_management.view.swing.BookSwingViewTest" time="8.959"/>
  <testcase name="testSearchBookButtonWithNoSelection" classname="com.example.library_management.view.swing.BookSwingViewTest" time="0.739"/>
  <testcase name="testSearchBookButton" classname="com.example.library_management.view.swing.BookSwingViewTest" time="0.951"/>
  <testcase name="testDeleteBookButtonWithNoBookSelected" classname="com.example.library_management.view.swing.BookSwingViewTest" time="0.591"/>
  <testcase name="testAddBookButtonWithValidData" classname="com.example.library_management.view.swing.BookSwingViewTest" time="6.796"/>
  <testcase name="testPrivateShowError" classname="com.example.library_management.view.swing.BookSwingViewTest" time="0.351"/>
  <testcase name="testShowSearchedBooksWithNullBook" classname="com.example.library_management.view.swing.BookSwingViewTest" time="0.435"/>
  <testcase name="testShowSearchedBooks" classname="com.example.library_management.view.swing.BookSwingViewTest" time="0.244"/>
  <testcase name="testShowErrorWithBook" classname="com.example.library_management.view.swing.BookSwingViewTest" time="0.227"/>
  <testcase name="testBookRemoved" classname="com.example.library_management.view.swing.BookSwingViewTest" time="0.518"/>
  <testcase name="testBookRemovedWhenNotPresent" classname="com.example.library_management.view.swing.BookSwingViewTest" time="0.267"/>
  <testcase name="testClearButton" classname="com.example.library_management.view.swing.BookSwingViewTest" time="7.014"/>
  <testcase name="testShowErrorBookNotFoundWithBook" classname="com.example.library_management.view.swing.BookSwingViewTest" time="0.243"/>
  <testcase name="testShowAllBooks" classname="com.example.library_management.view.swing.BookSwingViewTest" time="0.385"/>
</testsuite>