<?xml version="1.0" encoding="UTF-8"?>
<testsuite xmlns:xsi="http://www.w3.org/2001/XMLSchema-instance" xsi:noNamespaceSchemaLocation="https://maven.apache.org/surefire/maven-surefire-plugin/xsd/surefire-test-report-3.0.xsd" version="3.0" name="com.example.library_management.controller.LibraryControllerTest" time="0.109" tests="7" errors="0" skipped="0" failures="0">
  <properties>
[...]
</properties>
  <testcase name="testAllBooks" classname="com.example.library_management.controller.LibraryControllerTest" time="0.084"/>
  <testcase name="testNewBook_BookAlreadyExists" classname="com.example.library_management.controller.LibraryControllerTest" time="0.002"/>
  <testcase name="testDeleteBook_BookNotFound" classname="com.example.library_management.controller.LibraryControllerTest" time="0.002"/>
  <testcase name="testSearchBook_Found" classname="com.example.library_management.controller.LibraryControllerTest" time="0.002"/>
  <testcase name="testSearchBook_NotFound" classname="com.example.library_management.controller.LibraryControllerTest" time="0.003"/>
  <testcase name="testDeleteBook_Success" classname="com.example.library_management.controller.LibraryControllerTest" time="0.003"/>
  <testcase name="testNewBook_Success" classname="com.example.library_management.controller.LibraryControllerTest" time="0.002"/>
</testsuite>